<?xml version="1.0" encoding="UTF-8"?>
<!-- Generated by org.testng.reporters.JUnitXMLReporter -->
<testsuite ignored="0" hostname="DESKTOP-VIRBGBF" failures="1" tests="4" name="Test" time="0.102" errors="0" timestamp="2021-11-11T22:15:35 IST">
  <testcase classname="screenShot.Login" name="log" time="0.02">
    <skipped/>
  </testcase> <!-- log -->
  <testcase classname="screenShot.Login" name="log" time="0.005">
    <skipped/>
  </testcase> <!-- log -->
  <testcase classname="screenShot.Login" name="log" time="0.003">
    <skipped/>
  </testcase> <!-- log -->
  <testcase classname="screenShot.Login" name="log" time="0.002">
    <failure type="java.lang.AssertionError" message="expected [true] but found [false]">
      <![CDATA[java.lang.AssertionError: expected [true] but found [false]
at screenShot.Login.log(Login.java:11)
at java.base/java.util.ArrayList.forEach(ArrayList.java:1511)
... Removed 31 stack frames]]>
    </failure>
  </testcase> <!-- log -->
</testsuite> <!-- Test -->
